running egg_info
writing build/agro-driver-new/agro_driver_new.egg-info/PKG-INFO
writing dependency_links to build/agro-driver-new/agro_driver_new.egg-info/dependency_links.txt
writing entry points to build/agro-driver-new/agro_driver_new.egg-info/entry_points.txt
writing requirements to build/agro-driver-new/agro_driver_new.egg-info/requires.txt
writing top-level names to build/agro-driver-new/agro_driver_new.egg-info/top_level.txt
reading manifest file 'build/agro-driver-new/agro_driver_new.egg-info/SOURCES.txt'
writing manifest file 'build/agro-driver-new/agro_driver_new.egg-info/SOURCES.txt'
running build
running build_py
copying agro_driver_new/__init__.py -> /home/agro/aida_ws/agro-driver-new/build/agro-driver-new/build/lib/agro_driver_new
copying agro_driver_new/hoverboard_driver.py -> /home/agro/aida_ws/agro-driver-new/build/agro-driver-new/build/lib/agro_driver_new
copying agro_driver_new/manual_wheel_control.py -> /home/agro/aida_ws/agro-driver-new/build/agro-driver-new/build/lib/agro_driver_new
copying agro_driver_new/test_rs485.py -> /home/agro/aida_ws/agro-driver-new/build/agro-driver-new/build/lib/agro_driver_new
running install
running install_lib
copying /home/agro/aida_ws/agro-driver-new/build/agro-driver-new/build/lib/agro_driver_new/hoverboard_driver.py -> /home/agro/aida_ws/agro-driver-new/install/agro-driver-new/lib/python3.10/site-packages/agro_driver_new
copying /home/agro/aida_ws/agro-driver-new/build/agro-driver-new/build/lib/agro_driver_new/test_rs485.py -> /home/agro/aida_ws/agro-driver-new/install/agro-driver-new/lib/python3.10/site-packages/agro_driver_new
byte-compiling /home/agro/aida_ws/agro-driver-new/install/agro-driver-new/lib/python3.10/site-packages/agro_driver_new/hoverboard_driver.py to hoverboard_driver.cpython-310.pyc
byte-compiling /home/agro/aida_ws/agro-driver-new/install/agro-driver-new/lib/python3.10/site-packages/agro_driver_new/test_rs485.py to test_rs485.cpython-310.pyc
running install_data
copying resource/agro-driver-new -> /home/agro/aida_ws/agro-driver-new/install/agro-driver-new/share/ament_index/resource_index/packages
copying package.xml -> /home/agro/aida_ws/agro-driver-new/install/agro-driver-new/share/agro-driver-new
running install_egg_info
removing '/home/agro/aida_ws/agro-driver-new/install/agro-driver-new/lib/python3.10/site-packages/agro_driver_new-0.0.1-py3.10.egg-info' (and everything under it)
Copying build/agro-driver-new/agro_driver_new.egg-info to /home/agro/aida_ws/agro-driver-new/install/agro-driver-new/lib/python3.10/site-packages/agro_driver_new-0.0.1-py3.10.egg-info
running install_scripts
Installing hoverboard_driver script to /home/agro/aida_ws/agro-driver-new/install/agro-driver-new/lib/agro-driver-new
Installing manual_wheel_control script to /home/agro/aida_ws/agro-driver-new/install/agro-driver-new/lib/agro-driver-new
writing list of installed files to '/home/agro/aida_ws/agro-driver-new/build/agro-driver-new/install.log'
