[0.753s] Invoking command in '/home/agro/aida_ws/agro-driver-new': PYTHONPATH=/home/agro/aida_ws/agro-driver-new/build/agro-driver-new/prefix_override:/home/agro/aida_ws/agro-driver-new/install/agro-driver-new/lib/python3.10/site-packages:${PYTHONPATH} /usr/bin/python3 -W ignore:setup.py install is deprecated setup.py egg_info --egg-base build/agro-driver-new build --build-base /home/agro/aida_ws/agro-driver-new/build/agro-driver-new/build install --record /home/agro/aida_ws/agro-driver-new/build/agro-driver-new/install.log --single-version-externally-managed install_data
[0.990s] running egg_info
[1.005s] writing build/agro-driver-new/agro_driver_new.egg-info/PKG-INFO
[1.006s] writing dependency_links to build/agro-driver-new/agro_driver_new.egg-info/dependency_links.txt
[1.006s] writing entry points to build/agro-driver-new/agro_driver_new.egg-info/entry_points.txt
[1.006s] writing requirements to build/agro-driver-new/agro_driver_new.egg-info/requires.txt
[1.006s] writing top-level names to build/agro-driver-new/agro_driver_new.egg-info/top_level.txt
[1.043s] reading manifest file 'build/agro-driver-new/agro_driver_new.egg-info/SOURCES.txt'
[1.044s] writing manifest file 'build/agro-driver-new/agro_driver_new.egg-info/SOURCES.txt'
[1.044s] running build
[1.044s] running build_py
[1.044s] copying agro_driver_new/__init__.py -> /home/agro/aida_ws/agro-driver-new/build/agro-driver-new/build/lib/agro_driver_new
[1.045s] copying agro_driver_new/hoverboard_driver.py -> /home/agro/aida_ws/agro-driver-new/build/agro-driver-new/build/lib/agro_driver_new
[1.045s] copying agro_driver_new/manual_wheel_control.py -> /home/agro/aida_ws/agro-driver-new/build/agro-driver-new/build/lib/agro_driver_new
[1.045s] copying agro_driver_new/test_rs485.py -> /home/agro/aida_ws/agro-driver-new/build/agro-driver-new/build/lib/agro_driver_new
[1.045s] running install
[1.048s] running install_lib
[1.065s] copying /home/agro/aida_ws/agro-driver-new/build/agro-driver-new/build/lib/agro_driver_new/hoverboard_driver.py -> /home/agro/aida_ws/agro-driver-new/install/agro-driver-new/lib/python3.10/site-packages/agro_driver_new
[1.065s] copying /home/agro/aida_ws/agro-driver-new/build/agro-driver-new/build/lib/agro_driver_new/test_rs485.py -> /home/agro/aida_ws/agro-driver-new/install/agro-driver-new/lib/python3.10/site-packages/agro_driver_new
[1.065s] byte-compiling /home/agro/aida_ws/agro-driver-new/install/agro-driver-new/lib/python3.10/site-packages/agro_driver_new/hoverboard_driver.py to hoverboard_driver.cpython-310.pyc
[1.067s] byte-compiling /home/agro/aida_ws/agro-driver-new/install/agro-driver-new/lib/python3.10/site-packages/agro_driver_new/test_rs485.py to test_rs485.cpython-310.pyc
[1.067s] running install_data
[1.068s] copying resource/agro-driver-new -> /home/agro/aida_ws/agro-driver-new/install/agro-driver-new/share/ament_index/resource_index/packages
[1.068s] copying package.xml -> /home/agro/aida_ws/agro-driver-new/install/agro-driver-new/share/agro-driver-new
[1.068s] running install_egg_info
[1.086s] removing '/home/agro/aida_ws/agro-driver-new/install/agro-driver-new/lib/python3.10/site-packages/agro_driver_new-0.0.1-py3.10.egg-info' (and everything under it)
[1.086s] Copying build/agro-driver-new/agro_driver_new.egg-info to /home/agro/aida_ws/agro-driver-new/install/agro-driver-new/lib/python3.10/site-packages/agro_driver_new-0.0.1-py3.10.egg-info
[1.086s] running install_scripts
[1.221s] Installing hoverboard_driver script to /home/agro/aida_ws/agro-driver-new/install/agro-driver-new/lib/agro-driver-new
[1.221s] Installing manual_wheel_control script to /home/agro/aida_ws/agro-driver-new/install/agro-driver-new/lib/agro-driver-new
[1.222s] writing list of installed files to '/home/agro/aida_ws/agro-driver-new/build/agro-driver-new/install.log'
[1.252s] Invoked command in '/home/agro/aida_ws/agro-driver-new' returned '0': PYTHONPATH=/home/agro/aida_ws/agro-driver-new/build/agro-driver-new/prefix_override:/home/agro/aida_ws/agro-driver-new/install/agro-driver-new/lib/python3.10/site-packages:${PYTHONPATH} /usr/bin/python3 -W ignore:setup.py install is deprecated setup.py egg_info --egg-base build/agro-driver-new build --build-base /home/agro/aida_ws/agro-driver-new/build/agro-driver-new/build install --record /home/agro/aida_ws/agro-driver-new/build/agro-driver-new/install.log --single-version-externally-managed install_data
