[0.605s] Invoking command in '/home/agro/aida_ws/agro-driver-new/build/agro-driver-new': PYTHONPATH=/home/agro/aida_ws/agro-driver-new/build/agro-driver-new/prefix_override:/home/agro/aida_ws/agro-driver-new/install/agro-driver-new/lib/python3.10/site-packages:${PYTHONPATH} /usr/bin/python3 -W ignore:setup.py install is deprecated setup.py develop --uninstall --editable --build-directory /home/agro/aida_ws/agro-driver-new/build/agro-driver-new/build
[0.846s] running develop
[0.846s] /home/agro/.local/lib/python3.10/site-packages/setuptools/command/develop.py:41: EasyInstallDeprecationWarning: easy_install command is deprecated.
[0.846s] !!
[0.846s] 
[0.846s]         ********************************************************************************
[0.846s]         Please avoid running ``setup.py`` and ``easy_install``.
[0.846s]         Instead, use pypa/build, pypa/installer or other
[0.846s]         standards-based tools.
[0.846s] 
[0.846s]         See https://github.com/pypa/setuptools/issues/917 for details.
[0.846s]         ********************************************************************************
[0.846s] 
[0.846s] !!
[0.846s]   easy_install.initialize_options(self)
[1.025s] Removing /home/agro/aida_ws/agro-driver-new/install/agro-driver-new/lib/python3.10/site-packages/agro-driver-new.egg-link (link to .)
[1.047s] Invoked command in '/home/agro/aida_ws/agro-driver-new/build/agro-driver-new' returned '0': PYTHONPATH=/home/agro/aida_ws/agro-driver-new/build/agro-driver-new/prefix_override:/home/agro/aida_ws/agro-driver-new/install/agro-driver-new/lib/python3.10/site-packages:${PYTHONPATH} /usr/bin/python3 -W ignore:setup.py install is deprecated setup.py develop --uninstall --editable --build-directory /home/agro/aida_ws/agro-driver-new/build/agro-driver-new/build
[1.049s] Invoking command in '/home/agro/aida_ws/agro-driver-new': PYTHONPATH=/home/agro/aida_ws/agro-driver-new/build/agro-driver-new/prefix_override:/home/agro/aida_ws/agro-driver-new/install/agro-driver-new/lib/python3.10/site-packages:${PYTHONPATH} /usr/bin/python3 -W ignore:setup.py install is deprecated setup.py egg_info --egg-base build/agro-driver-new build --build-base /home/agro/aida_ws/agro-driver-new/build/agro-driver-new/build install --record /home/agro/aida_ws/agro-driver-new/build/agro-driver-new/install.log --single-version-externally-managed install_data --force
[1.247s] running egg_info
[1.260s] writing build/agro-driver-new/agro_driver_new.egg-info/PKG-INFO
[1.260s] writing dependency_links to build/agro-driver-new/agro_driver_new.egg-info/dependency_links.txt
[1.260s] writing entry points to build/agro-driver-new/agro_driver_new.egg-info/entry_points.txt
[1.261s] writing requirements to build/agro-driver-new/agro_driver_new.egg-info/requires.txt
[1.261s] writing top-level names to build/agro-driver-new/agro_driver_new.egg-info/top_level.txt
[1.289s] reading manifest file 'build/agro-driver-new/agro_driver_new.egg-info/SOURCES.txt'
[1.290s] writing manifest file 'build/agro-driver-new/agro_driver_new.egg-info/SOURCES.txt'
[1.290s] running build
[1.290s] running build_py
[1.291s] creating /home/agro/aida_ws/agro-driver-new/build/agro-driver-new/build/lib/agro_driver_new
[1.291s] copying agro_driver_new/__init__.py -> /home/agro/aida_ws/agro-driver-new/build/agro-driver-new/build/lib/agro_driver_new
[1.291s] copying agro_driver_new/hoverboard_driver.py -> /home/agro/aida_ws/agro-driver-new/build/agro-driver-new/build/lib/agro_driver_new
[1.291s] copying agro_driver_new/manual_wheel_control.py -> /home/agro/aida_ws/agro-driver-new/build/agro-driver-new/build/lib/agro_driver_new
[1.291s] running install
[1.295s] running install_lib
[1.310s] creating /home/agro/aida_ws/agro-driver-new/install/agro-driver-new/lib/python3.10/site-packages/agro_driver_new
[1.310s] copying /home/agro/aida_ws/agro-driver-new/build/agro-driver-new/build/lib/agro_driver_new/__init__.py -> /home/agro/aida_ws/agro-driver-new/install/agro-driver-new/lib/python3.10/site-packages/agro_driver_new
[1.310s] copying /home/agro/aida_ws/agro-driver-new/build/agro-driver-new/build/lib/agro_driver_new/hoverboard_driver.py -> /home/agro/aida_ws/agro-driver-new/install/agro-driver-new/lib/python3.10/site-packages/agro_driver_new
[1.310s] copying /home/agro/aida_ws/agro-driver-new/build/agro-driver-new/build/lib/agro_driver_new/manual_wheel_control.py -> /home/agro/aida_ws/agro-driver-new/install/agro-driver-new/lib/python3.10/site-packages/agro_driver_new
[1.311s] byte-compiling /home/agro/aida_ws/agro-driver-new/install/agro-driver-new/lib/python3.10/site-packages/agro_driver_new/__init__.py to __init__.cpython-310.pyc
[1.311s] byte-compiling /home/agro/aida_ws/agro-driver-new/install/agro-driver-new/lib/python3.10/site-packages/agro_driver_new/hoverboard_driver.py to hoverboard_driver.cpython-310.pyc
[1.313s] byte-compiling /home/agro/aida_ws/agro-driver-new/install/agro-driver-new/lib/python3.10/site-packages/agro_driver_new/manual_wheel_control.py to manual_wheel_control.cpython-310.pyc
[1.314s] running install_data
[1.314s] copying resource/agro-driver-new -> /home/agro/aida_ws/agro-driver-new/install/agro-driver-new/share/ament_index/resource_index/packages
[1.314s] copying package.xml -> /home/agro/aida_ws/agro-driver-new/install/agro-driver-new/share/agro-driver-new
[1.314s] running install_egg_info
[1.330s] Copying build/agro-driver-new/agro_driver_new.egg-info to /home/agro/aida_ws/agro-driver-new/install/agro-driver-new/lib/python3.10/site-packages/agro_driver_new-0.0.1-py3.10.egg-info
[1.331s] running install_scripts
[1.437s] Installing hoverboard_driver script to /home/agro/aida_ws/agro-driver-new/install/agro-driver-new/lib/agro-driver-new
[1.437s] Installing manual_wheel_control script to /home/agro/aida_ws/agro-driver-new/install/agro-driver-new/lib/agro-driver-new
[1.438s] writing list of installed files to '/home/agro/aida_ws/agro-driver-new/build/agro-driver-new/install.log'
[1.456s] Invoked command in '/home/agro/aida_ws/agro-driver-new' returned '0': PYTHONPATH=/home/agro/aida_ws/agro-driver-new/build/agro-driver-new/prefix_override:/home/agro/aida_ws/agro-driver-new/install/agro-driver-new/lib/python3.10/site-packages:${PYTHONPATH} /usr/bin/python3 -W ignore:setup.py install is deprecated setup.py egg_info --egg-base build/agro-driver-new build --build-base /home/agro/aida_ws/agro-driver-new/build/agro-driver-new/build install --record /home/agro/aida_ws/agro-driver-new/build/agro-driver-new/install.log --single-version-externally-managed install_data --force
