[0.586s] Invoking command in '/home/agro/aida_ws/agro-driver-new/build/agro-driver-new': PYTHONPATH=/home/agro/aida_ws/agro-driver-new/build/agro-driver-new/prefix_override:/home/agro/aida_ws/agro-driver-new/install/agro-driver-new/lib/python3.10/site-packages:${PYTHONPATH} /usr/bin/python3 -W ignore:setup.py install is deprecated setup.py develop --editable --build-directory /home/agro/aida_ws/agro-driver-new/build/agro-driver-new/build --no-deps symlink_data
[0.828s] running develop
[0.828s] /home/agro/.local/lib/python3.10/site-packages/setuptools/command/develop.py:41: EasyInstallDeprecationWarning: easy_install command is deprecated.
[0.828s] !!
[0.828s] 
[0.828s]         ********************************************************************************
[0.828s]         Please avoid running ``setup.py`` and ``easy_install``.
[0.828s]         Instead, use pypa/build, pypa/installer or other
[0.828s]         standards-based tools.
[0.828s] 
[0.828s]         See https://github.com/pypa/setuptools/issues/917 for details.
[0.828s]         ********************************************************************************
[0.828s] 
[0.828s] !!
[0.828s]   easy_install.initialize_options(self)
[1.002s] running egg_info
[1.017s] creating agro_driver_new.egg-info
[1.018s] writing agro_driver_new.egg-info/PKG-INFO
[1.018s] writing dependency_links to agro_driver_new.egg-info/dependency_links.txt
[1.018s] writing entry points to agro_driver_new.egg-info/entry_points.txt
[1.018s] writing requirements to agro_driver_new.egg-info/requires.txt
[1.018s] writing top-level names to agro_driver_new.egg-info/top_level.txt
[1.018s] writing manifest file 'agro_driver_new.egg-info/SOURCES.txt'
[1.054s] reading manifest file 'agro_driver_new.egg-info/SOURCES.txt'
[1.055s] writing manifest file 'agro_driver_new.egg-info/SOURCES.txt'
[1.098s] running build_ext
[1.098s] Creating /home/agro/aida_ws/agro-driver-new/install/agro-driver-new/lib/python3.10/site-packages/agro-driver-new.egg-link (link to .)
[1.099s] Installing hoverboard_driver script to /home/agro/aida_ws/agro-driver-new/install/agro-driver-new/lib/agro-driver-new
[1.099s] 
[1.099s] Installed /home/agro/aida_ws/agro-driver-new/build/agro-driver-new
[1.099s] running symlink_data
[1.100s] creating /home/agro/aida_ws/agro-driver-new/install/agro-driver-new/share/ament_index/resource_index/packages
[1.100s] symbolically linking /home/agro/aida_ws/agro-driver-new/build/agro-driver-new/resource/agro-driver-new -> /home/agro/aida_ws/agro-driver-new/install/agro-driver-new/share/ament_index/resource_index/packages
[1.100s] symbolically linking /home/agro/aida_ws/agro-driver-new/build/agro-driver-new/package.xml -> /home/agro/aida_ws/agro-driver-new/install/agro-driver-new/share/agro-driver-new
[1.137s] Invoked command in '/home/agro/aida_ws/agro-driver-new/build/agro-driver-new' returned '0': PYTHONPATH=/home/agro/aida_ws/agro-driver-new/build/agro-driver-new/prefix_override:/home/agro/aida_ws/agro-driver-new/install/agro-driver-new/lib/python3.10/site-packages:${PYTHONPATH} /usr/bin/python3 -W ignore:setup.py install is deprecated setup.py develop --editable --build-directory /home/agro/aida_ws/agro-driver-new/build/agro-driver-new/build --no-deps symlink_data
