[0.073s] DEBUG:colcon:Command line arguments: ['/usr/bin/colcon', 'build', '--packages-select', 'agro-driver-new']
[0.074s] DEBUG:colcon:Parsed command line arguments: Namespace(log_base=None, log_level=None, verb_name='build', build_base='build', install_base='install', merge_install=False, symlink_install=False, test_result_base=None, continue_on_error=False, executor='parallel', parallel_workers=12, event_handlers=None, ignore_user_meta=False, metas=['./colcon.meta'], base_paths=['.'], packages_ignore=None, packages_ignore_regex=None, paths=None, packages_up_to=None, packages_up_to_regex=None, packages_above=None, packages_above_and_dependencies=None, packages_above_depth=None, packages_select_by_dep=None, packages_skip_by_dep=None, packages_skip_up_to=None, packages_select_build_failed=False, packages_skip_build_finished=False, packages_select_test_failures=False, packages_skip_test_passed=False, packages_select=['agro-driver-new'], packages_skip=None, packages_select_regex=None, packages_skip_regex=None, packages_start=None, packages_end=None, allow_overriding=[], cmake_args=None, cmake_target=None, cmake_target_skip_unavailable=False, cmake_clean_cache=False, cmake_clean_first=False, cmake_force_configure=False, ament_cmake_args=None, catkin_cmake_args=None, catkin_skip_building_tests=False, verb_parser=<colcon_defaults.argument_parser.defaults.DefaultArgumentsDecorator object at 0x7f6be91d3d00>, verb_extension=<colcon_core.verb.build.BuildVerb object at 0x7f6be93a08b0>, main=<bound method BuildVerb.main of <colcon_core.verb.build.BuildVerb object at 0x7f6be93a08b0>>)
[0.099s] Level 1:colcon.colcon_core.package_discovery:discover_packages(colcon_meta) check parameters
[0.100s] Level 1:colcon.colcon_core.package_discovery:discover_packages(recursive) check parameters
[0.100s] Level 1:colcon.colcon_core.package_discovery:discover_packages(ignore) check parameters
[0.100s] Level 1:colcon.colcon_core.package_discovery:discover_packages(path) check parameters
[0.100s] Level 1:colcon.colcon_core.package_discovery:discover_packages(colcon_meta) discover
[0.100s] Level 1:colcon.colcon_core.package_discovery:discover_packages(recursive) discover
[0.100s] INFO:colcon.colcon_core.package_discovery:Crawling recursively for packages in '/home/agro/aida_ws/agro-driver-new'
[0.100s] Level 1:colcon.colcon_core.package_identification:_identify(.) by extensions ['ignore', 'ignore_ament_install']
[0.100s] Level 1:colcon.colcon_core.package_identification:_identify(.) by extension 'ignore'
[0.100s] Level 1:colcon.colcon_core.package_identification:_identify(.) by extension 'ignore_ament_install'
[0.100s] Level 1:colcon.colcon_core.package_identification:_identify(.) by extensions ['colcon_pkg']
[0.100s] Level 1:colcon.colcon_core.package_identification:_identify(.) by extension 'colcon_pkg'
[0.100s] Level 1:colcon.colcon_core.package_identification:_identify(.) by extensions ['colcon_meta']
[0.100s] Level 1:colcon.colcon_core.package_identification:_identify(.) by extension 'colcon_meta'
[0.100s] Level 1:colcon.colcon_core.package_identification:_identify(.) by extensions ['ros']
[0.100s] Level 1:colcon.colcon_core.package_identification:_identify(.) by extension 'ros'
[0.111s] DEBUG:colcon.colcon_core.package_identification:Package '.' with type 'ros.ament_python' and name 'agro-driver-new'
[0.111s] Level 1:colcon.colcon_core.package_discovery:discover_packages(recursive) using defaults
[0.111s] Level 1:colcon.colcon_core.package_discovery:discover_packages(ignore) discover
[0.111s] Level 1:colcon.colcon_core.package_discovery:discover_packages(ignore) using defaults
[0.111s] Level 1:colcon.colcon_core.package_discovery:discover_packages(path) discover
[0.111s] Level 1:colcon.colcon_core.package_discovery:discover_packages(path) using defaults
[0.124s] Level 1:colcon.colcon_core.package_discovery:discover_packages(prefix_path) check parameters
[0.125s] Level 1:colcon.colcon_core.package_discovery:discover_packages(prefix_path) discover
[0.126s] DEBUG:colcon.colcon_installed_package_information.package_discovery:Found 1 installed packages in /home/agro/aida_ws/agro-driver-new/install
[0.126s] DEBUG:colcon.colcon_installed_package_information.package_discovery:Found 9 installed packages in /home/agro/tomato_ws/install
[0.127s] DEBUG:colcon.colcon_installed_package_information.package_discovery:Found 316 installed packages in /opt/ros/humble
[0.128s] Level 1:colcon.colcon_core.package_discovery:discover_packages(prefix_path) using defaults
[0.155s] Level 5:colcon.colcon_core.verb:set package 'agro-driver-new' build argument 'cmake_args' from command line to 'None'
[0.155s] Level 5:colcon.colcon_core.verb:set package 'agro-driver-new' build argument 'cmake_target' from command line to 'None'
[0.155s] Level 5:colcon.colcon_core.verb:set package 'agro-driver-new' build argument 'cmake_target_skip_unavailable' from command line to 'False'
[0.155s] Level 5:colcon.colcon_core.verb:set package 'agro-driver-new' build argument 'cmake_clean_cache' from command line to 'False'
[0.155s] Level 5:colcon.colcon_core.verb:set package 'agro-driver-new' build argument 'cmake_clean_first' from command line to 'False'
[0.155s] Level 5:colcon.colcon_core.verb:set package 'agro-driver-new' build argument 'cmake_force_configure' from command line to 'False'
[0.155s] Level 5:colcon.colcon_core.verb:set package 'agro-driver-new' build argument 'ament_cmake_args' from command line to 'None'
[0.155s] Level 5:colcon.colcon_core.verb:set package 'agro-driver-new' build argument 'catkin_cmake_args' from command line to 'None'
[0.155s] Level 5:colcon.colcon_core.verb:set package 'agro-driver-new' build argument 'catkin_skip_building_tests' from command line to 'False'
[0.155s] DEBUG:colcon.colcon_core.verb:Building package 'agro-driver-new' with the following arguments: {'ament_cmake_args': None, 'build_base': '/home/agro/aida_ws/agro-driver-new/build/agro-driver-new', 'catkin_cmake_args': None, 'catkin_skip_building_tests': False, 'cmake_args': None, 'cmake_clean_cache': False, 'cmake_clean_first': False, 'cmake_force_configure': False, 'cmake_target': None, 'cmake_target_skip_unavailable': False, 'install_base': '/home/agro/aida_ws/agro-driver-new/install/agro-driver-new', 'merge_install': False, 'path': '/home/agro/aida_ws/agro-driver-new', 'symlink_install': False, 'test_result_base': None}
[0.155s] INFO:colcon.colcon_core.executor:Executing jobs using 'parallel' executor
[0.156s] DEBUG:colcon.colcon_parallel_executor.executor.parallel:run_until_complete
[0.156s] INFO:colcon.colcon_ros.task.ament_python.build:Building ROS package in '/home/agro/aida_ws/agro-driver-new' with build type 'ament_python'
[0.156s] Level 1:colcon.colcon_core.shell:create_environment_hook('agro-driver-new', 'ament_prefix_path')
[0.157s] INFO:colcon.colcon_core.plugin_system:Skipping extension 'colcon_core.shell.bat': Not used on non-Windows systems
[0.158s] INFO:colcon.colcon_core.shell:Creating environment hook '/home/agro/aida_ws/agro-driver-new/install/agro-driver-new/share/agro-driver-new/hook/ament_prefix_path.ps1'
[0.158s] INFO:colcon.colcon_core.shell:Creating environment descriptor '/home/agro/aida_ws/agro-driver-new/install/agro-driver-new/share/agro-driver-new/hook/ament_prefix_path.dsv'
[0.158s] INFO:colcon.colcon_core.shell:Creating environment hook '/home/agro/aida_ws/agro-driver-new/install/agro-driver-new/share/agro-driver-new/hook/ament_prefix_path.sh'
[0.159s] INFO:colcon.colcon_core.shell:Skip shell extension 'powershell' for command environment: Not usable outside of PowerShell
[0.159s] DEBUG:colcon.colcon_core.shell:Skip shell extension 'dsv' for command environment
[0.322s] INFO:colcon.colcon_core.task.python.build:Building Python package in '/home/agro/aida_ws/agro-driver-new'
[0.322s] INFO:colcon.colcon_core.shell:Skip shell extension 'powershell' for command environment: Not usable outside of PowerShell
[0.323s] DEBUG:colcon.colcon_core.shell:Skip shell extension 'dsv' for command environment
[0.762s] DEBUG:colcon.colcon_core.event_handler.log_command:Invoking command in '/home/agro/aida_ws/agro-driver-new/build/agro-driver-new': PYTHONPATH=/home/agro/aida_ws/agro-driver-new/build/agro-driver-new/prefix_override:/home/agro/aida_ws/agro-driver-new/install/agro-driver-new/lib/python3.10/site-packages:${PYTHONPATH} /usr/bin/python3 -W ignore:setup.py install is deprecated setup.py develop --uninstall --editable --build-directory /home/agro/aida_ws/agro-driver-new/build/agro-driver-new/build
[1.204s] DEBUG:colcon.colcon_core.event_handler.log_command:Invoked command in '/home/agro/aida_ws/agro-driver-new/build/agro-driver-new' returned '0': PYTHONPATH=/home/agro/aida_ws/agro-driver-new/build/agro-driver-new/prefix_override:/home/agro/aida_ws/agro-driver-new/install/agro-driver-new/lib/python3.10/site-packages:${PYTHONPATH} /usr/bin/python3 -W ignore:setup.py install is deprecated setup.py develop --uninstall --editable --build-directory /home/agro/aida_ws/agro-driver-new/build/agro-driver-new/build
[1.206s] DEBUG:colcon.colcon_core.event_handler.log_command:Invoking command in '/home/agro/aida_ws/agro-driver-new': PYTHONPATH=/home/agro/aida_ws/agro-driver-new/build/agro-driver-new/prefix_override:/home/agro/aida_ws/agro-driver-new/install/agro-driver-new/lib/python3.10/site-packages:${PYTHONPATH} /usr/bin/python3 -W ignore:setup.py install is deprecated setup.py egg_info --egg-base build/agro-driver-new build --build-base /home/agro/aida_ws/agro-driver-new/build/agro-driver-new/build install --record /home/agro/aida_ws/agro-driver-new/build/agro-driver-new/install.log --single-version-externally-managed install_data --force
[1.613s] DEBUG:colcon.colcon_core.event_handler.log_command:Invoked command in '/home/agro/aida_ws/agro-driver-new' returned '0': PYTHONPATH=/home/agro/aida_ws/agro-driver-new/build/agro-driver-new/prefix_override:/home/agro/aida_ws/agro-driver-new/install/agro-driver-new/lib/python3.10/site-packages:${PYTHONPATH} /usr/bin/python3 -W ignore:setup.py install is deprecated setup.py egg_info --egg-base build/agro-driver-new build --build-base /home/agro/aida_ws/agro-driver-new/build/agro-driver-new/build install --record /home/agro/aida_ws/agro-driver-new/build/agro-driver-new/install.log --single-version-externally-managed install_data --force
[1.615s] Level 1:colcon.colcon_core.environment:checking '/home/agro/aida_ws/agro-driver-new/install/agro-driver-new' for CMake module files
[1.615s] Level 1:colcon.colcon_core.environment:checking '/home/agro/aida_ws/agro-driver-new/install/agro-driver-new' for CMake config files
[1.616s] Level 1:colcon.colcon_core.environment:checking '/home/agro/aida_ws/agro-driver-new/install/agro-driver-new/lib'
[1.616s] Level 1:colcon.colcon_core.environment:checking '/home/agro/aida_ws/agro-driver-new/install/agro-driver-new/bin'
[1.616s] Level 1:colcon.colcon_core.environment:checking '/home/agro/aida_ws/agro-driver-new/install/agro-driver-new/lib/pkgconfig/agro-driver-new.pc'
[1.616s] Level 1:colcon.colcon_core.environment:checking '/home/agro/aida_ws/agro-driver-new/install/agro-driver-new/lib/python3.10/site-packages'
[1.616s] Level 1:colcon.colcon_core.shell:create_environment_hook('agro-driver-new', 'pythonpath')
[1.616s] INFO:colcon.colcon_core.shell:Creating environment hook '/home/agro/aida_ws/agro-driver-new/install/agro-driver-new/share/agro-driver-new/hook/pythonpath.ps1'
[1.617s] INFO:colcon.colcon_core.shell:Creating environment descriptor '/home/agro/aida_ws/agro-driver-new/install/agro-driver-new/share/agro-driver-new/hook/pythonpath.dsv'
[1.617s] INFO:colcon.colcon_core.shell:Creating environment hook '/home/agro/aida_ws/agro-driver-new/install/agro-driver-new/share/agro-driver-new/hook/pythonpath.sh'
[1.617s] Level 1:colcon.colcon_core.environment:checking '/home/agro/aida_ws/agro-driver-new/install/agro-driver-new/bin'
[1.617s] Level 1:colcon.colcon_core.environment:create_environment_scripts_only(agro-driver-new)
[1.618s] INFO:colcon.colcon_core.shell:Creating package script '/home/agro/aida_ws/agro-driver-new/install/agro-driver-new/share/agro-driver-new/package.ps1'
[1.618s] INFO:colcon.colcon_core.shell:Creating package descriptor '/home/agro/aida_ws/agro-driver-new/install/agro-driver-new/share/agro-driver-new/package.dsv'
[1.619s] INFO:colcon.colcon_core.shell:Creating package script '/home/agro/aida_ws/agro-driver-new/install/agro-driver-new/share/agro-driver-new/package.sh'
[1.619s] INFO:colcon.colcon_core.shell:Creating package script '/home/agro/aida_ws/agro-driver-new/install/agro-driver-new/share/agro-driver-new/package.bash'
[1.620s] INFO:colcon.colcon_core.shell:Creating package script '/home/agro/aida_ws/agro-driver-new/install/agro-driver-new/share/agro-driver-new/package.zsh'
[1.620s] Level 1:colcon.colcon_core.environment:create_file_with_runtime_dependencies(/home/agro/aida_ws/agro-driver-new/install/agro-driver-new/share/colcon-core/packages/agro-driver-new)
[1.620s] DEBUG:colcon.colcon_parallel_executor.executor.parallel:closing loop
[1.621s] DEBUG:colcon.colcon_parallel_executor.executor.parallel:loop closed
[1.621s] DEBUG:colcon.colcon_parallel_executor.executor.parallel:run_until_complete finished with '0'
[1.621s] DEBUG:colcon.colcon_core.event_reactor:joining thread
[1.626s] INFO:colcon.colcon_core.plugin_system:Skipping extension 'colcon_notification.desktop_notification.terminal_notifier': Not used on non-Darwin systems
[1.626s] INFO:colcon.colcon_core.plugin_system:Skipping extension 'colcon_notification.desktop_notification.win32': Not used on non-Windows systems
[1.626s] INFO:colcon.colcon_notification.desktop_notification:Sending desktop notification using 'notify2'
[1.638s] DEBUG:colcon.colcon_core.event_reactor:joined thread
[1.638s] INFO:colcon.colcon_core.shell:Creating prefix script '/home/agro/aida_ws/agro-driver-new/install/local_setup.ps1'
[1.639s] INFO:colcon.colcon_core.shell:Creating prefix util module '/home/agro/aida_ws/agro-driver-new/install/_local_setup_util_ps1.py'
[1.640s] INFO:colcon.colcon_core.shell:Creating prefix chain script '/home/agro/aida_ws/agro-driver-new/install/setup.ps1'
[1.641s] INFO:colcon.colcon_core.shell:Creating prefix script '/home/agro/aida_ws/agro-driver-new/install/local_setup.sh'
[1.641s] INFO:colcon.colcon_core.shell:Creating prefix util module '/home/agro/aida_ws/agro-driver-new/install/_local_setup_util_sh.py'
[1.642s] INFO:colcon.colcon_core.shell:Creating prefix chain script '/home/agro/aida_ws/agro-driver-new/install/setup.sh'
[1.643s] INFO:colcon.colcon_core.shell:Creating prefix script '/home/agro/aida_ws/agro-driver-new/install/local_setup.bash'
[1.643s] INFO:colcon.colcon_core.shell:Creating prefix chain script '/home/agro/aida_ws/agro-driver-new/install/setup.bash'
[1.644s] INFO:colcon.colcon_core.shell:Creating prefix script '/home/agro/aida_ws/agro-driver-new/install/local_setup.zsh'
[1.645s] INFO:colcon.colcon_core.shell:Creating prefix chain script '/home/agro/aida_ws/agro-driver-new/install/setup.zsh'
