running develop
/home/agro/.local/lib/python3.10/site-packages/setuptools/command/develop.py:41: EasyInstallDeprecationWarning: easy_install command is deprecated.
!!

        ********************************************************************************
        Please avoid running ``setup.py`` and ``easy_install``.
        Instead, use pypa/build, pypa/installer or other
        standards-based tools.

        See https://github.com/pypa/setuptools/issues/917 for details.
        ********************************************************************************

!!
  easy_install.initialize_options(self)
running egg_info
writing agro_driver_new.egg-info/PKG-INFO
writing dependency_links to agro_driver_new.egg-info/dependency_links.txt
writing entry points to agro_driver_new.egg-info/entry_points.txt
writing requirements to agro_driver_new.egg-info/requires.txt
writing top-level names to agro_driver_new.egg-info/top_level.txt
reading manifest file 'agro_driver_new.egg-info/SOURCES.txt'
writing manifest file 'agro_driver_new.egg-info/SOURCES.txt'
running build_ext
Creating /home/agro/aida_ws/agro-driver-new/install/agro-driver-new/lib/python3.10/site-packages/agro-driver-new.egg-link (link to .)
Installing hoverboard_driver script to /home/agro/aida_ws/agro-driver-new/install/agro-driver-new/lib/agro-driver-new

Installed /home/agro/aida_ws/agro-driver-new/build/agro-driver-new
running symlink_data
